<?xml version="1.0" encoding="UTF-8"?>
<!-- Generated by org.testng.reporters.JUnitReportReporter -->
<testsuite skipped="0" hostname="DESKTOP-LFTBPGB" name="test.AddCustomerTest" tests="1" failures="0" timestamp="2021-01-13T20:04:53 CST" time="24.757" errors="0">
  <testcase name="userShouldBeAbleToCreateNewCustomer" time="24.757" classname="test.AddCustomerTest"/>
  <system-out/>
</testsuite> <!-- test.AddCustomerTest -->
