<?xml version="1.0" encoding="UTF-8"?>
<!-- Generated by org.testng.reporters.JUnitReportReporter -->
<testsuite skipped="0" hostname="DESKTOP-LFTBPGB" name="util.BrowserFactory" tests="1" failures="0" timestamp="2020-12-02T17:10:39 CST" time="8.657" errors="0">
  <testcase name="init" time="8.657" classname="util.BrowserFactory"/>
  <system-out/>
</testsuite> <!-- util.BrowserFactory -->
