<?xml version="1.0" encoding="UTF-8"?>
<!-- Generated by org.testng.reporters.JUnitReportReporter -->
<testsuite skipped="0" hostname="DESKTOP-LFTBPGB" name="test.LoginTest" tests="1" failures="0" timestamp="2021-01-12T20:09:14 CST" time="12.774" errors="0">
  <testcase name="validUserShouldBeAbleTOLogin" time="12.774" classname="test.LoginTest"/>
  <system-out/>
</testsuite> <!-- test.LoginTest -->
